[00:12:30] [ServerMain/INFO]: Environment: Environment[sessionHost=https://sessionserver.mojang.com, servicesHost=https://api.minecraftservices.com, name=PROD]
[00:12:32] [ServerMain/INFO]: Loaded 1174 recipes
[00:12:33] [ServerMain/INFO]: Loaded 1271 advancements
[00:12:33] [Server thread/INFO]: Starting minecraft server version 1.20.4
[00:12:33] [Server thread/INFO]: Loading properties
[00:12:33] [Server thread/INFO]: This server is running Paper version git-Paper-446 (MC: 1.20.4) (Implementing API version 1.20.4-R0.1-SNAPSHOT) (Git: 6ad63fb)
[00:12:34] [Server thread/INFO]: Server Ping Player Sample Count: 12
[00:12:34] [Server thread/INFO]: Using 4 threads for Netty based IO
[00:12:34] [Server thread/WARN]: [!] The timings profiler has been enabled but has been scheduled for removal from Paper in the future.
    We recommend installing the spark profiler as a replacement: https://spark.lucko.me/
    For more information please visit: https://github.com/PaperMC/Paper/issues/8948
[00:12:34] [Server thread/INFO]: [ChunkTaskScheduler] Chunk system is using 1 I/O threads, 1 worker threads, and gen parallelism of 1 threads
[00:12:34] [Server thread/INFO]: Default game type: SURVIVAL
[00:12:34] [Server thread/INFO]: Generating keypair
[00:12:35] [Server thread/INFO]: Starting Minecraft server on *:25565
[00:12:35] [Server thread/INFO]: Using epoll channel type
[00:12:35] [Server thread/INFO]: Paper: Using libdeflate (Linux x86_64) compression from Velocity.
[00:12:35] [Server thread/INFO]: Paper: Using OpenSSL 1.1.x (Linux x86_64) cipher from Velocity.
[00:12:35] [Server thread/ERROR]: [ModernPluginLoadingStrategy] Could not load 'plugins/advancedregionmarket-3.5.3.jar' in 'plugins'
org.bukkit.plugin.UnknownDependencyException: Unknown/missing dependency plugins: [Vault]. Please download and install these plugins to run 'AdvancedRegionMarket'.
	at io.papermc.paper.plugin.entrypoint.strategy.modern.ModernPluginLoadingStrategy.loadProviders(ModernPluginLoadingStrategy.java:82) ~[paper-1.20.4.jar:git-Paper-446]
	at io.papermc.paper.plugin.storage.SimpleProviderStorage.enter(SimpleProviderStorage.java:38) ~[paper-1.20.4.jar:git-Paper-446]
	at io.papermc.paper.plugin.entrypoint.LaunchEntryPointHandler.enter(LaunchEntryPointHandler.java:36) ~[paper-1.20.4.jar:git-Paper-446]
	at org.bukkit.craftbukkit.v1_20_R3.CraftServer.loadPlugins(CraftServer.java:507) ~[paper-1.20.4.jar:git-Paper-446]
	at net.minecraft.server.dedicated.DedicatedServer.initServer(DedicatedServer.java:274) ~[paper-1.20.4.jar:git-Paper-446]
	at net.minecraft.server.MinecraftServer.runServer(MinecraftServer.java:1131) ~[paper-1.20.4.jar:git-Paper-446]
	at net.minecraft.server.MinecraftServer.lambda$spin$0(MinecraftServer.java:319) ~[paper-1.20.4.jar:git-Paper-446]
	at java.lang.Thread.run(Thread.java:1583) ~[?:?]
[00:12:35] [Server thread/WARN]: [org.bukkit.craftbukkit.v1_20_R3.legacy.CraftLegacy] Initializing Legacy Material Support. Unless you have legacy plugins and/or data this is a bug!
[00:12:39] [Server thread/WARN]: Legacy plugin FastPot v5.0 does not specify an api-version.
[00:12:39] [Server thread/WARN]: Legacy plugin NoLagg v1.2 does not specify an api-version.
[00:12:39] [Server thread/INFO]: [WorldEdit] Loading server plugin WorldEdit v7.3.0-beta-03+d6d222e
[00:12:39] [Server thread/INFO]: Got request to register class com.sk89q.worldedit.bukkit.BukkitServerInterface with WorldEdit [com.sk89q.worldedit.extension.platform.PlatformManager@4f11b1ac]
[00:12:39] [Server thread/INFO]: [Essentials] Loading server plugin Essentials v2.20.1
[00:12:39] [Server thread/INFO]: [floodgate] Loading server plugin floodgate v2.2.2-SNAPSHOT (b96-7f38765)
[00:12:40] [Server thread/WARN]: [floodgate] en_ is not a supported Floodgate language.
[00:12:40] [Server thread/INFO]: [floodgate] Took 561ms to boot Floodgate
[00:12:40] [Server thread/INFO]: [WorldGuard] Loading server plugin WorldGuard v7.0.9+5934e49
[00:12:40] [Server thread/INFO]: [FE] Loading server plugin FurnitureEngine v3.2
[00:12:40] [Server thread/INFO]: [DiscordSRV] Loading server plugin DiscordSRV v1.27.0
[00:12:40] [Server thread/INFO]: [FastChunkPregenerator] Loading server plugin FastChunkPregenerator v2.0.9-SNAPSHOT
[00:12:40] [Server thread/INFO]: [spark] Loading server plugin spark v1.10.34
[00:12:40] [Server thread/INFO]: [playit-gg] Loading server plugin playit-gg v0.1.4
[00:12:40] [Server thread/INFO]: [AuthMe] Loading server plugin AuthMe v5.6.0-SNAPSHOT-b2323
[00:12:40] [Server thread/INFO]: [BedrockPlayerManager] Loading server plugin BedrockPlayerManager v1.4
[00:12:40] [Server thread/INFO]: [DeadChest] Loading server plugin DeadChest v4.19.0
[00:12:40] [Server thread/INFO]: [DeadChest] Worldguard support disabled by user
[00:12:40] [Server thread/INFO]: [GeyserSkinManager] Loading server plugin GeyserSkinManager v1.7
[00:12:40] [Server thread/INFO]: [BanItem] Loading server plugin BanItem v3.5
[00:12:40] [Server thread/INFO]: [GriefPrevention] Loading server plugin GriefPrevention v16.18.2
[00:12:40] [Server thread/INFO]: [CrackShot] Loading server plugin CrackShot v0.98.11
[00:12:40] [Server thread/INFO]: [FastPot] Loading server plugin FastPot v5.0
[00:12:40] [Server thread/INFO]: [NoLagg] Loading server plugin NoLagg v1.2
[00:12:40] [Server thread/INFO]: [EzChestShop] Loading server plugin EzChestShop v1.6.4.6
[00:12:40] [Server thread/INFO]: Server permissions file permissions.yml is empty, ignoring it
[00:12:40] [Server thread/INFO]: [WorldEdit] Enabling WorldEdit v7.3.0-beta-03+d6d222e
[00:12:40] [Server thread/INFO]: Registering commands with com.sk89q.worldedit.bukkit.BukkitServerInterface
[00:12:40] [Server thread/INFO]: WEPIF: Using the Bukkit Permissions API.
[00:12:41] [Server thread/INFO]: Using com.sk89q.worldedit.bukkit.adapter.impl.v1_20_R3.PaperweightAdapter as the Bukkit adapter
[00:12:41] [Server thread/INFO]: [FE] Enabling FurnitureEngine v3.2
[00:12:41] [Server thread/INFO]: [FE] FurnitureEngine has been enabled!
[00:12:41] [Server thread/INFO]: [FE] Registered function: COMMAND
[00:12:41] [Server thread/INFO]: [FE] Registered function: SOUND
[00:12:41] [Server thread/INFO]: [FE] Registered function: CHAIR
[00:12:41] [Server thread/INFO]: [FE] Registered function: SWING_ARM
[00:12:41] [Server thread/INFO]: [FE] Registered function: REPLACE
[00:12:41] [Server thread/WARN]: **** SERVER IS RUNNING IN OFFLINE/INSECURE MODE!
[00:12:41] [Server thread/WARN]: The server will make no attempt to authenticate usernames. Beware.
[00:12:41] [Server thread/WARN]: While this makes the game possible to play without internet access, it also opens up the ability for hackers to connect with any username they choose.
[00:12:41] [Server thread/WARN]: To change this, set "online-mode" to "true" in the server.properties file.
[00:12:41] [Server thread/INFO]: Preparing level "world"
[00:12:41] [Server thread/INFO]: -------- World Settings For [world] --------
[00:12:41] [Server thread/INFO]: View Distance: 10
[00:12:41] [Server thread/INFO]: Simulation Distance: 10
[00:12:41] [Server thread/INFO]: Item Merge Radius: 2.5
[00:12:41] [Server thread/INFO]: Experience Merge Radius: 3.0
[00:12:41] [Server thread/INFO]: Mob Spawn Range: 6
[00:12:41] [Server thread/INFO]: Item Despawn Rate: 6000
[00:12:41] [Server thread/INFO]: Arrow Despawn Rate: 1200 Trident Respawn Rate:1200
[00:12:41] [Server thread/INFO]: Nerfing mobs spawned from spawners: false
[00:12:41] [Server thread/INFO]: Cactus Growth Modifier: 100%
[00:12:41] [Server thread/INFO]: Cane Growth Modifier: 100%
[00:12:41] [Server thread/INFO]: Melon Growth Modifier: 100%
[00:12:41] [Server thread/INFO]: Mushroom Growth Modifier: 100%
[00:12:41] [Server thread/INFO]: Pumpkin Growth Modifier: 100%
[00:12:41] [Server thread/INFO]: Sapling Growth Modifier: 100%
[00:12:41] [Server thread/INFO]: Beetroot Growth Modifier: 100%
[00:12:41] [Server thread/INFO]: Carrot Growth Modifier: 100%
[00:12:41] [Server thread/INFO]: Potato Growth Modifier: 100%
[00:12:41] [Server thread/INFO]: TorchFlower Growth Modifier: 100%
[00:12:41] [Server thread/INFO]: Wheat Growth Modifier: 100%
[00:12:41] [Server thread/INFO]: NetherWart Growth Modifier: 100%
[00:12:41] [Server thread/INFO]: Vine Growth Modifier: 100%
[00:12:41] [Server thread/INFO]: Cocoa Growth Modifier: 100%
[00:12:41] [Server thread/INFO]: Bamboo Growth Modifier: 100%
[00:12:41] [Server thread/INFO]: SweetBerry Growth Modifier: 100%
[00:12:41] [Server thread/INFO]: Kelp Growth Modifier: 100%
[00:12:41] [Server thread/INFO]: TwistingVines Growth Modifier: 100%
[00:12:41] [Server thread/INFO]: WeepingVines Growth Modifier: 100%
[00:12:41] [Server thread/INFO]: CaveVines Growth Modifier: 100%
[00:12:41] [Server thread/INFO]: GlowBerry Growth Modifier: 100%
[00:12:41] [Server thread/INFO]: PitcherPlant Growth Modifier: 100%
[00:12:41] [Server thread/INFO]: Entity Activation Range: An 32 / Mo 32 / Ra 48 / Mi 16 / Tiv true / Isa false
[00:12:41] [Server thread/INFO]: Entity Tracking Range: Pl 48 / An 48 / Mo 48 / Mi 32 / Di 128 / Other 64
[00:12:41] [Server thread/INFO]: Hopper Transfer: 8 Hopper Check: 1 Hopper Amount: 1 Hopper Can Load Chunks: false
[00:12:41] [Server thread/INFO]: Custom Map Seeds:  Village: 10387312 Desert: 14357617 Igloo: 14357618 Jungle: 14357619 Swamp: 14357620 Monument: 10387313 Ocean: 14357621 Shipwreck: 165745295 End City: 10387313 Slime: 987234911 Nether: 30084232 Mansion: 10387319 Fossil: 14357921 Portal: 34222645
[00:12:41] [Server thread/INFO]: Max TNT Explosions: 100
[00:12:41] [Server thread/INFO]: Tile Max Tick Time: 50ms Entity max Tick Time: 50ms
[00:12:41] [Server thread/INFO]: Zombie Aggressive Towards Villager: true
[00:12:41] [Server thread/INFO]: Allow Zombie Pigmen to spawn from portal blocks: true
[00:12:42] [Server thread/INFO]: -------- World Settings For [world_nether] --------
[00:12:42] [Server thread/INFO]: View Distance: 10
[00:12:42] [Server thread/INFO]: Simulation Distance: 10
[00:12:42] [Server thread/INFO]: Item Merge Radius: 2.5
[00:12:42] [Server thread/INFO]: Experience Merge Radius: 3.0
[00:12:42] [Server thread/INFO]: Mob Spawn Range: 6
[00:12:42] [Server thread/INFO]: Item Despawn Rate: 6000
[00:12:42] [Server thread/INFO]: Arrow Despawn Rate: 1200 Trident Respawn Rate:1200
[00:12:42] [Server thread/INFO]: Nerfing mobs spawned from spawners: false
[00:12:42] [Server thread/INFO]: Cactus Growth Modifier: 100%
[00:12:42] [Server thread/INFO]: Cane Growth Modifier: 100%
[00:12:42] [Server thread/INFO]: Melon Growth Modifier: 100%
[00:12:42] [Server thread/INFO]: Mushroom Growth Modifier: 100%
[00:12:42] [Server thread/INFO]: Pumpkin Growth Modifier: 100%
[00:12:42] [Server thread/INFO]: Sapling Growth Modifier: 100%
[00:12:42] [Server thread/INFO]: Beetroot Growth Modifier: 100%
[00:12:42] [Server thread/INFO]: Carrot Growth Modifier: 100%
[00:12:42] [Server thread/INFO]: Potato Growth Modifier: 100%
[00:12:42] [Server thread/INFO]: TorchFlower Growth Modifier: 100%
[00:12:42] [Server thread/INFO]: Wheat Growth Modifier: 100%
[00:12:42] [Server thread/INFO]: NetherWart Growth Modifier: 100%
[00:12:42] [Server thread/INFO]: Vine Growth Modifier: 100%
[00:12:42] [Server thread/INFO]: Cocoa Growth Modifier: 100%
[00:12:42] [Server thread/INFO]: Bamboo Growth Modifier: 100%
[00:12:42] [Server thread/INFO]: SweetBerry Growth Modifier: 100%
[00:12:42] [Server thread/INFO]: Kelp Growth Modifier: 100%
[00:12:42] [Server thread/INFO]: TwistingVines Growth Modifier: 100%
[00:12:42] [Server thread/INFO]: WeepingVines Growth Modifier: 100%
[00:12:42] [Server thread/INFO]: CaveVines Growth Modifier: 100%
[00:12:42] [Server thread/INFO]: GlowBerry Growth Modifier: 100%
[00:12:42] [Server thread/INFO]: PitcherPlant Growth Modifier: 100%
[00:12:42] [Server thread/INFO]: Entity Activation Range: An 32 / Mo 32 / Ra 48 / Mi 16 / Tiv true / Isa false
[00:12:42] [Server thread/INFO]: Entity Tracking Range: Pl 48 / An 48 / Mo 48 / Mi 32 / Di 128 / Other 64
[00:12:42] [Server thread/INFO]: Hopper Transfer: 8 Hopper Check: 1 Hopper Amount: 1 Hopper Can Load Chunks: false
[00:12:42] [Server thread/INFO]: Custom Map Seeds:  Village: 10387312 Desert: 14357617 Igloo: 14357618 Jungle: 14357619 Swamp: 14357620 Monument: 10387313 Ocean: 14357621 Shipwreck: 165745295 End City: 10387313 Slime: 987234911 Nether: 30084232 Mansion: 10387319 Fossil: 14357921 Portal: 34222645
[00:12:42] [Server thread/INFO]: Max TNT Explosions: 100
[00:12:42] [Server thread/INFO]: Tile Max Tick Time: 50ms Entity max Tick Time: 50ms
[00:12:42] [Server thread/INFO]: Zombie Aggressive Towards Villager: true
[00:12:42] [Server thread/INFO]: Allow Zombie Pigmen to spawn from portal blocks: true
[00:12:42] [Server thread/INFO]: -------- World Settings For [world_the_end] --------
[00:12:42] [Server thread/INFO]: View Distance: 10
[00:12:42] [Server thread/INFO]: Simulation Distance: 10
[00:12:42] [Server thread/INFO]: Item Merge Radius: 2.5
[00:12:42] [Server thread/INFO]: Experience Merge Radius: 3.0
[00:12:42] [Server thread/INFO]: Mob Spawn Range: 6
[00:12:42] [Server thread/INFO]: Item Despawn Rate: 6000
[00:12:42] [Server thread/INFO]: Arrow Despawn Rate: 1200 Trident Respawn Rate:1200
[00:12:42] [Server thread/INFO]: Nerfing mobs spawned from spawners: false
[00:12:42] [Server thread/INFO]: Cactus Growth Modifier: 100%
[00:12:42] [Server thread/INFO]: Cane Growth Modifier: 100%
[00:12:42] [Server thread/INFO]: Melon Growth Modifier: 100%
[00:12:42] [Server thread/INFO]: Mushroom Growth Modifier: 100%
[00:12:42] [Server thread/INFO]: Pumpkin Growth Modifier: 100%
[00:12:42] [Server thread/INFO]: Sapling Growth Modifier: 100%
[00:12:42] [Server thread/INFO]: Beetroot Growth Modifier: 100%
[00:12:42] [Server thread/INFO]: Carrot Growth Modifier: 100%
[00:12:42] [Server thread/INFO]: Potato Growth Modifier: 100%
[00:12:42] [Server thread/INFO]: TorchFlower Growth Modifier: 100%
[00:12:42] [Server thread/INFO]: Wheat Growth Modifier: 100%
[00:12:42] [Server thread/INFO]: NetherWart Growth Modifier: 100%
[00:12:42] [Server thread/INFO]: Vine Growth Modifier: 100%
[00:12:42] [Server thread/INFO]: Cocoa Growth Modifier: 100%
[00:12:42] [Server thread/INFO]: Bamboo Growth Modifier: 100%
[00:12:42] [Server thread/INFO]: SweetBerry Growth Modifier: 100%
[00:12:42] [Server thread/INFO]: Kelp Growth Modifier: 100%
[00:12:42] [Server thread/INFO]: TwistingVines Growth Modifier: 100%
[00:12:42] [Server thread/INFO]: WeepingVines Growth Modifier: 100%
[00:12:42] [Server thread/INFO]: CaveVines Growth Modifier: 100%
[00:12:42] [Server thread/INFO]: GlowBerry Growth Modifier: 100%
[00:12:42] [Server thread/INFO]: PitcherPlant Growth Modifier: 100%
[00:12:42] [Server thread/INFO]: Entity Activation Range: An 32 / Mo 32 / Ra 48 / Mi 16 / Tiv true / Isa false
[00:12:42] [Server thread/INFO]: Entity Tracking Range: Pl 48 / An 48 / Mo 48 / Mi 32 / Di 128 / Other 64
[00:12:42] [Server thread/INFO]: Hopper Transfer: 8 Hopper Check: 1 Hopper Amount: 1 Hopper Can Load Chunks: false
[00:12:42] [Server thread/INFO]: Custom Map Seeds:  Village: 10387312 Desert: 14357617 Igloo: 14357618 Jungle: 14357619 Swamp: 14357620 Monument: 10387313 Ocean: 14357621 Shipwreck: 165745295 End City: 10387313 Slime: 987234911 Nether: 30084232 Mansion: 10387319 Fossil: 14357921 Portal: 34222645
[00:12:42] [Server thread/INFO]: Max TNT Explosions: 100
[00:12:42] [Server thread/INFO]: Tile Max Tick Time: 50ms Entity max Tick Time: 50ms
[00:12:42] [Server thread/INFO]: Zombie Aggressive Towards Villager: true
[00:12:42] [Server thread/INFO]: Allow Zombie Pigmen to spawn from portal blocks: true
[00:12:42] [Server thread/INFO]: Preparing start region for dimension minecraft:overworld
[00:12:43] [Server thread/INFO]: Time elapsed: 277 ms
[00:12:43] [Server thread/INFO]: Preparing start region for dimension minecraft:the_nether
[00:12:43] [Server thread/INFO]: Time elapsed: 743 ms
[00:12:43] [Server thread/INFO]: Preparing start region for dimension minecraft:the_end
[00:12:43] [Server thread/INFO]: Time elapsed: 33 ms
[00:12:43] [Server thread/INFO]: [Essentials] Enabling Essentials v2.20.1
[00:12:44] [Server thread/ERROR]: [Essentials] You are running an unsupported server version!
[00:12:44] [Server thread/INFO]: [Essentials] Attempting to convert old kits in config.yml to new kits.yml
[00:12:44] [Server thread/INFO]: [Essentials] No kits found to migrate.
[00:12:44] [Server thread/INFO]: [Essentials] Loaded 39094 items from items.json.
[00:12:44] [Server thread/INFO]: [Essentials] Using locale en
[00:12:44] [Server thread/INFO]: [Essentials] ServerListPingEvent: Spigot iterator API
[00:12:45] [Server thread/INFO]: [Essentials] Starting Metrics. Opt-out using the global bStats config.
[00:12:45] [Server thread/INFO]: [Essentials] Using superperms-based permissions.
[00:12:45] [Server thread/INFO]: [floodgate] Enabling floodgate v2.2.2-SNAPSHOT (b96-7f38765)
[00:12:45] [Server thread/INFO]: [WorldGuard] Enabling WorldGuard v7.0.9+5934e49
[00:12:45] [Server thread/INFO]: [WorldGuard] (world) TNT ignition is PERMITTED.
[00:12:45] [Server thread/INFO]: [WorldGuard] (world) Lighters are PERMITTED.
[00:12:45] [Server thread/INFO]: [WorldGuard] (world) Lava fire is PERMITTED.
[00:12:45] [Server thread/INFO]: [WorldGuard] (world) Fire spread is UNRESTRICTED.
[00:12:45] [Server thread/INFO]: [WorldGuard] Loaded configuration for world 'world'
[00:12:45] [Server thread/INFO]: [WorldGuard] (world_nether) TNT ignition is PERMITTED.
[00:12:45] [Server thread/INFO]: [WorldGuard] (world_nether) Lighters are PERMITTED.
[00:12:45] [Server thread/INFO]: [WorldGuard] (world_nether) Lava fire is PERMITTED.
[00:12:45] [Server thread/INFO]: [WorldGuard] (world_nether) Fire spread is UNRESTRICTED.
[00:12:45] [Server thread/INFO]: [WorldGuard] Loaded configuration for world 'world_nether'
[00:12:45] [Server thread/INFO]: [WorldGuard] (world_the_end) TNT ignition is PERMITTED.
[00:12:45] [Server thread/INFO]: [WorldGuard] (world_the_end) Lighters are PERMITTED.
[00:12:45] [Server thread/INFO]: [WorldGuard] (world_the_end) Lava fire is PERMITTED.
[00:12:45] [Server thread/INFO]: [WorldGuard] (world_the_end) Fire spread is UNRESTRICTED.
[00:12:45] [Server thread/INFO]: [WorldGuard] Loaded configuration for world 'world_the_end'
[00:12:45] [Server thread/INFO]: [WorldGuard] Loading region data...
[00:12:46] [Server thread/INFO]: [DiscordSRV] Enabling DiscordSRV v1.27.0
[00:12:46] [Server thread/INFO]: [FastChunkPregenerator] Enabling FastChunkPregenerator v2.0.9-SNAPSHOT
[00:12:46] [Server thread/INFO]: [FastChunkPregenerator] >> Paper was found.
[00:12:46] [Server thread/INFO]: [FastChunkPregenerator] >> Async chunk loading support is enabled.
[00:12:46] [Server thread/INFO]: [spark] Enabling spark v1.10.34
[00:12:46] [DiscordSRV - Initialization/ERROR]: [DiscordSRV] No bot token has been set in the config; a bot token is required to connect to Discord.
[00:12:47] [Server thread/INFO]: [spark] Using Paper ServerTickStartEvent for tick monitoring
[00:12:47] [Server thread/INFO]: [spark] Starting background profiler...
[00:12:47] [pool-48-thread-1/INFO]: [DiscordSRV] DiscordSRV is up-to-date. (6405e850eea61a4b9bf4f0d0cbb80fe20b3cfb90)
[00:12:48] [Server thread/INFO]: [playit-gg] Enabling playit-gg v0.1.4
[00:12:48] [Server thread/INFO]: [AuthMe] Enabling AuthMe v5.6.0-SNAPSHOT-b2323
[00:12:48] [Thread-12/INFO]: [gg.playit.minecraft.PlayitKeysSetup] secret key found, checking
[00:12:48] [Thread-12/INFO]: [gg.playit.minecraft.PlayitKeysSetup] check secret
[00:12:48] [Server thread/INFO]: [AuthMe] SQLite Setup finished
[00:12:48] [Server thread/INFO]: [AuthMe] No supported permissions system found! Permissions are disabled!
[00:12:48] [Server thread/INFO]: [AuthMe] Hooked successfully into Essentials
[00:12:48] [Server thread/INFO]: [AuthMe] Essentials spawn file not found: '/workspaces/minecraft-own-cloud-host-github/plugins/Essentials/spawn.yml'
[00:12:49] [Server thread/WARN]: [AuthMe] WARNING! The protectInventory feature requires ProtocolLib! Disabling it...
[00:12:49] [Server thread/INFO]: [AuthMe] AuthMe 5.6.0-SNAPSHOT build n.2323 successfully enabled!
[00:12:49] [Server thread/INFO]: [BedrockPlayerManager] Enabling BedrockPlayerManager v1.4
[00:12:49] [Server thread/WARN]: [BedrockPlayerManager]: PlaceholderAPI plugin not found! Install the missing plugin or set PlaceholderAPI to false in your config.yml!
[00:12:49] [Thread-12/INFO]: [gg.playit.minecraft.PlayitKeysSetup] found minecraft java tunnel: gas-greg.joinmc.link
[00:12:49] [Server thread/INFO]: [DeadChest] Enabling DeadChest v4.19.0
[00:12:49] [Thread-12/INFO]: [gg.playit.minecraft.PlayitManager] keys and tunnel setup
[00:12:49] [Server thread/INFO]: [GeyserSkinManager] Enabling GeyserSkinManager v1.7
[00:12:49] [Thread-12/WARN]: [gg.playit.control.ChannelSetup] Got IO error working with :control.playit.gg/2602:fbaf:82c:0:0:0:0:1, error : java.net.SocketException: Network is unreachable
[00:12:49] [Thread-14/WARN]: [DeadChest] The updater could not find any files for the project id 322882
[00:12:49] [Thread-12/INFO]: [gg.playit.control.ChannelSetup] request queued, waiting 1 second before resend
[00:12:49] [Server thread/WARN]: [GeyserSkinManager] Floodgate found on the server! Disabling skin services and only running mod interactions.
[00:12:49] [Server thread/INFO]: [GeyserSkinManager] We are in BungeeCord mode as there is no Geyser-Spigot plugin installed.
[00:12:49] [Server thread/INFO]: [BanItem] Enabling BanItem v3.5
[00:12:49] [Server thread/INFO]: [GriefPrevention] Enabling GriefPrevention v16.18.2
[00:12:49] [Server thread/INFO]: [GriefPrevention] Finished loading configuration.
[00:12:49] [Server thread/INFO]: [GriefPrevention] 2 total claims loaded.
[00:12:49] [Server thread/INFO]: [GriefPrevention] Customizable messages loaded.
[00:12:49] [Server thread/INFO]: [GriefPrevention] Successfully hooked into WorldGuard.
[00:12:49] [Server thread/INFO]: [GriefPrevention] Finished loading data (File Mode).
[00:12:50] [Server thread/INFO]: [GriefPrevention] Boot finished.
[00:12:50] [Server thread/INFO]: [CrackShot] Enabling CrackShot v0.98.11
[00:12:50] [Server thread/INFO]: [CrackShot] [STDOUT] [CrackShot] Gun-mode activated. Boop!
[00:12:50] [Server thread/WARN]: Nag author(s): '[Shampaggon]' of 'CrackShot v0.98.11' about their usage of System.out/err.print. Please use your plugin's logger instead (JavaPlugin#getLogger).
[00:12:50] [Server thread/INFO]: [FastPot] Enabling FastPot v5.0*
[00:12:50] [Server thread/INFO]: [NoLagg] Enabling NoLagg v1.2*
[00:12:50] [Server thread/INFO]: [EzChestShop] Enabling EzChestShop v1.6.4.6
[00:12:50] [Server thread/INFO]: [EzChestShop] Enabling EzChestShop - version 1.6.4.6
[00:12:50] [Server thread/INFO]: [EzChestShop] Initializing SQLite database...
[00:12:50] [Server thread/INFO]: [EzChestShop] SQLite database initialized!
[00:12:50] [Server thread/INFO]: [EzChestShop] Current Protocol version initialized.
[00:12:50] [Server thread/INFO]: [EzChestShop] Cannot find vault or economy plugin. Switching to XP based economy... Please note that you need vault and at least one economy plugin installed to use a money based system.
[00:12:50] [Server thread/INFO]: [EzChestShop] Locale_EN successfully loaded
[00:12:50] [Thread-12/INFO]: [gg.playit.control.ChannelSetup] request queued, waiting 1 second before resend
[00:12:50] [Server thread/INFO]: Running delayed init tasks
[00:12:50] [Server thread/INFO]: Done (17.451s)! For help, type "help"
[00:12:50] [Craft Scheduler Thread - 0 - Essentials/INFO]: [Essentials] Fetching version information...
[00:12:50] [Craft Scheduler Thread - 2 - AuthMe/INFO]: [AuthMe] Downloading GEO IP database, because the old database is older than 30 days or doesn't exist
[00:12:50] [Server thread/INFO]: Timings Reset
[00:12:50] [Server thread/INFO]: [DiscordSRV] Disabling DiscordSRV v1.27.0
[00:12:50] [Craft Scheduler Thread - 2 - AuthMe/WARN]: [AuthMe] Could not download GeoLiteAPI database [UnknownHostException]: geolite.maxmind.com
[00:12:51] [Craft Scheduler Thread - 3 - FurnitureEngine/INFO]: [FE] You are running the latest version of FurnitureEngine!
[00:12:51] [Server thread/INFO]: [BanItem] Successfully loaded 0 blacklisted & 0 whitelisted item(s).
[00:16:51] [Thread-12/INFO]: [gg.playit.control.ChannelSetup] send keep alive
[00:20:51] [Thread-12/INFO]: [gg.playit.control.ChannelSetup] send keep alive
[00:23:06] [User Authenticator #0/INFO]: UUID of player GOMAL019 is 8183fc37-e187-36e0-ac36-32ed20acc67f
[00:23:07] [Server thread/INFO]: GOMAL019 joined the game
[00:23:07] [Server thread/INFO]: GOMAL019[/127.66.253.186:54737] logged in with entity id 336 at ([world]-5565.800203098726, 63.99916320658403, 2711.1979100767335)
[00:23:17] [Craft Scheduler Thread - 9 - AuthMe/INFO]: [AuthMe] GOMAL019 logged in!
[00:24:29] [Server thread/INFO]: GOMAL019 issued server command: /gamemode survival
[00:24:52] [Thread-12/INFO]: [gg.playit.control.ChannelSetup] send keep alive
[00:25:27] [Server thread/INFO]: GOMAL019 issued server command: /gamemode creative
[00:28:52] [Thread-12/INFO]: [gg.playit.control.ChannelSetup] send keep alive
[00:30:38] [Server thread/INFO]: GOMAL019 lost connection: Disconnected
[00:30:38] [Server thread/INFO]: GOMAL019 left the game
[00:32:52] [Thread-12/INFO]: [gg.playit.control.ChannelSetup] send keep alive
[00:36:52] [Thread-12/INFO]: [gg.playit.control.ChannelSetup] send keep alive
[00:40:53] [Thread-12/INFO]: [gg.playit.control.ChannelSetup] send keep alive
[00:44:53] [Thread-12/INFO]: [gg.playit.control.ChannelSetup] send keep alive
[00:48:53] [Thread-12/INFO]: [gg.playit.control.ChannelSetup] send keep alive
[00:49:41] [User Authenticator #1/INFO]: UUID of player GOMAL019 is 8183fc37-e187-36e0-ac36-32ed20acc67f
[00:49:42] [Server thread/INFO]: GOMAL019 joined the game
[00:49:42] [Server thread/INFO]: GOMAL019[/127.66.253.186:59271] logged in with entity id 2797 at ([world]-5553.278503595675, 66.0, 2764.3860533102365)
[00:49:50] [Craft Scheduler Thread - 25 - AuthMe/INFO]: [AuthMe] GOMAL019 logged in!
[00:52:53] [Thread-12/INFO]: [gg.playit.control.ChannelSetup] send keep alive
[00:56:17] [Server thread/INFO]: GOMAL019 issued server command: /day
[00:56:54] [Thread-12/INFO]: [gg.playit.control.ChannelSetup] send keep alive
[01:00:54] [Thread-12/INFO]: [gg.playit.control.ChannelSetup] send keep alive
[01:04:54] [Thread-12/INFO]: [gg.playit.control.ChannelSetup] send keep alive
[01:08:54] [Thread-12/INFO]: [gg.playit.control.ChannelSetup] send keep alive
[01:12:55] [Thread-12/INFO]: [gg.playit.control.ChannelSetup] send keep alive
[01:15:59] [Server thread/INFO]: GOMAL019 lost connection: Disconnected
[01:15:59] [Server thread/INFO]: GOMAL019 left the game
[01:16:55] [Thread-12/INFO]: [gg.playit.control.ChannelSetup] send keep alive
[01:20:55] [Thread-12/INFO]: [gg.playit.control.ChannelSetup] send keep alive
[01:24:55] [Thread-12/INFO]: [gg.playit.control.ChannelSetup] send keep alive
[01:28:56] [Thread-12/INFO]: [gg.playit.control.ChannelSetup] send keep alive
[01:32:56] [Thread-12/INFO]: [gg.playit.control.ChannelSetup] send keep alive
[01:36:56] [Thread-12/INFO]: [gg.playit.control.ChannelSetup] send keep alive
[01:40:56] [Thread-12/INFO]: [gg.playit.control.ChannelSetup] send keep alive
