01:09 GOMAL019  : chditk 3ayech hhhhh
01:09 ASTROZIRO : hhhhhhhhhhhhhhh
01:10 ASTROZIRO : M3refch kifach tay5dem le commnd
01:11 ASTROZIRO : ./shot C4 yak
01:17 ASTROZIRO : AJI CHOF
01:18 GOMAL019  : hhhh kifach hadii
01:18 GOMAL019  : copy
01:18 ASTROZIRO : L9ITHA HOKA
01:19 GOMAL019  : hhh bl ghalat
01:19 GOMAL019  : hhhh
01:19 GOMAL019  : lah yrmha
01:20 ASTROZIRO :  placed a sign @ world: x-685, z-607
  RIP
  MIMI
01:20 ASTROZIRO :  placed a sign @ world: x-685, z-607
  RIP
  MIMI
01:21 ASTROZIRO : HHHHHHHHHHHHHHHH
01:21 ASTROZIRO : NADI SERVER
01:21 GOMAL019  : 7ssen mn aternos ?
01:21 ASTROZIRO : AH
01:21 GOMAL019  : aternos 7ssen
01:22 ASTROZIRO : MNIN 5ERJONI MEN VOYS O ANA TANDOR FIH
01:23 ASTROZIRO : walakin respon ma5edamch
01:30 ASTROZIRO :  placed a sign @ world: x-778, z-861
  ASTRO
01:41 GOMAL019  : khay astro thella
01:41 GOMAL019  : hh
01:41 GOMAL019  : khay astro thella
01:41 GOMAL019  : hh
01:42 ASTROZIRO : fid lah
