01:51 khlol     : laaaa7dt
01:52 khlol     : ara permissions
01:52 khlol     : l items wkda
01:53 khlol     : ana limafhmtch hhhhhhhhhhh
01:53 khlol     : wach render?
01:53 khlol     : niiiiiiiiiiiiiiiiice
01:53 khlol     : i
01:53 khlol     : ahsn madrti
01:54 khlol     : wakha kdir lag hya
01:54 khlol     : wooooow
01:54 khlol     : ghanbda nswrkom 7sn
01:55 khlol     : ah
01:55 khlol     : mandirohach hna
02:03 khlol     : mochkila dl claims mchaw
02:04 khlol     : mn l3alam kaml
02:07 khlol     : gomal
02:08 khlol     : nakhd i5 6em w 8ram w gt710 b 900dh?
02:08 khlol     : 2 wla 1
02:09 khlol     : w 256 ssd
02:09 khlol     : bureau
02:09 khlol     : mhm 7sn mli 3ndi hhhhhhhhh
02:10 khlol     : hhhhhhhhhhhhhhhhhhh
02:10 khlol     : i3 4em w 4ram hhhhhhhhhhhh
02:10 khlol     : 500hdd
02:10 khlol     : knt khdito b 600dh
02:11 khlol     : ki3sb walakin 9adi
02:12 khlol     : kant charika d ryzen ghir katjrb
02:12 khlol     : hhhhhhhh
02:17 khlol     : gltlom kano kijrbo hhhhhhhhhh
02:18 khlol     : gomal
02:18 khlol     : gomal
02:18 khlol     : gomal
02:18 khlol     : gomal
02:18 khlol     : gomal
02:18 khlol     : gomal
02:18 khlol     : gomal
02:18 khlol     : gomal
02:18 khlol     : gomal
02:18 khlol     : gomal
02:18 khlol     : gomal
02:18 khlol     : gomal
02:18 khlol     : gomal
02:18 khlol     : gomal
02:18 khlol     : gomal
02:18 khlol     : gomal
02:18 khlol     : gomal
02:18 khlol     : gomal
02:18 khlol     : gomal
02:18 khlol     : gomal
02:18 khlol     : gomal
02:18 khlol     : gomal
02:18 khlol     : gomal
02:18 khlol     : gomal
02:18 khlol     : gomal
02:18 khlol     : gomal
02:18 khlol     : gomal
02:18 khlol     : gomal
02:18 khlol     : gomal
02:18 khlol     : gomal
02:18 khlol     : gomal
02:18 khlol     : gomal
02:18 GOMAL019  : ouii
02:18 khlol     : nbda lkhdma?
02:19 khlol     : hhhhh
02:19 khlol     : ghanbdl design
02:20 khlol     : ghandir ljosour
02:20 khlol     : wala
02:20 khlol     : ghir gltlk hhhhhhhhhhh
02:20 khlol     : lalalala
02:22 khlol     : lpotowat tahoma 3di design naaadi
02:27 khlol     : gomal
02:28 khlol     : gomal
02:28 khlol     : gomal
02:28 khlol     : gomal
02:28 khlol     : gomal
02:28 khlol     : gomal
02:28 khlol     : gomal
02:28 khlol     : gomal
02:28 khlol     : gomal
02:28 khlol     : gomal
02:28 khlol     : gomal
02:28 khlol     : gomal
02:28 khlol     : gomal
02:28 khlol     : gomal
02:29 khlol     : gomal
02:29 khlol     : gomal
02:29 khlol     : gomal
02:29 khlol     : gomal
02:29 khlol     : gomal
02:29 khlol     : gomal
02:29 khlol     : gomal
02:29 khlol     : hhhhhhhhhhhh
02:29 GOMAL019  : hhh
02:30 khlol     : nbdlo lmdinam mnhad savana
02:30 khlol     : ah ghangad mdina khawya wnhzo lbinayat
02:30 khlol     : nl9awh
02:32 khlol     : 27 fps
02:32 khlol     : b3d maximum
02:33 khlol     : tp
02:33 khlol     : copiha mn site hhhhhhhhhhh
02:35 khlol     : hana nl9a a7sn blasa
02:35 khlol     : 3ndi site d seed nadi
02:36 khlol     : hhhhhhhhhhhhhhhhhhhhhhh
02:37 khlol     : dakhl bli9bl lkhri lisefti
02:43 khlol     : l9itha
02:44 khlol     : ajiiw
02:44 khlol     : mafihach jbal bzaf
02:45 khlol     : kattbe3 fih hhhhhhhhhhhhhh
02:46 khlol     : ls
02:46 khlol     : la
02:46 khlol     : katbe3 fl afficheur
02:47 khlol     : hna
02:48 khlol     : hhhhhhhhhhhhhhhhhhh
02:55 khlol     : wayeh hhhhhhh
02:57 khlol     : -300480 ~ -86240
02:58 khlol     : hadi hya d9bila
02:58 khlol     : ghandiro dak ljazira kamla mdina
02:58 khlol     : la hadik kamla raha jazira
02:59 khlol     : laa
02:59 khlol     : tahadik mzyana
02:59 khlol     : sun
03:01 khlol     : drilna lime
03:01 khlol     : dir mode d armors wghir 7na liykono 3ndna
03:02 khlol     : la dir mode d doro3
03:03 khlol     : wa lag h
03:04 khlol     : choflna lmode dl atat
03:05 khlol     : jrb chi w7dakhra
03:06 khlol     : he9
